[2020-05-04T11:40:40.996] [DEBUG] cheese - login => username:张三,password:123456
[2020-05-04T11:40:41.001] [DEBUG] cheese - 张三
[2020-05-04T11:40:41.078] [DEBUG] cheese - null
[2020-05-04T11:40:41.079] [DEBUG] cheese - null
[2020-05-04T11:41:03.009] [DEBUG] cheese - login => username:张三,password:123456
[2020-05-04T11:41:03.009] [DEBUG] cheese - 张三
[2020-05-04T11:41:03.024] [DEBUG] cheese - null
[2020-05-04T11:41:03.024] [DEBUG] cheese - null
[2020-05-04T11:41:15.275] [DEBUG] cheese - login => username:admin,password:123456
[2020-05-04T11:41:15.276] [DEBUG] cheese - admin
[2020-05-04T11:41:15.290] [DEBUG] cheese - null
[2020-05-04T11:41:15.291] [DEBUG] cheese - null
[2020-05-04T16:43:53.022] [DEBUG] cheese - login => username:xxxx,password:xxxxxx
[2020-05-04T16:43:53.023] [DEBUG] cheese - xxxx
[2020-05-04T16:43:53.046] [DEBUG] cheese - null
[2020-05-04T16:43:53.046] [DEBUG] cheese - null
[2020-05-04T16:46:59.032] [DEBUG] cheese - login => username:sssss,password:sssssss
[2020-05-04T16:46:59.033] [DEBUG] cheese - sssss
[2020-05-04T16:46:59.038] [DEBUG] cheese - null
[2020-05-04T16:46:59.038] [DEBUG] cheese - null
[2020-05-04T16:47:27.474] [DEBUG] cheese - login => username:sssss,password:sssssss
[2020-05-04T16:47:27.474] [DEBUG] cheese - sssss
[2020-05-04T16:47:27.501] [DEBUG] cheese - null
[2020-05-04T16:47:27.501] [DEBUG] cheese - null
[2020-05-04T16:47:36.902] [DEBUG] cheese - login => username:ssss,password:ssssssss
[2020-05-04T16:47:36.903] [DEBUG] cheese - ssss
[2020-05-04T16:47:36.928] [DEBUG] cheese - null
[2020-05-04T16:47:36.928] [DEBUG] cheese - null
[2020-05-04T16:47:45.262] [DEBUG] cheese - login => username:admin,password:123456
[2020-05-04T16:47:45.262] [DEBUG] cheese - admin
[2020-05-04T16:47:45.272] [DEBUG] cheese - null
[2020-05-04T16:47:45.272] [DEBUG] cheese - null
[2020-05-04T16:52:59.182] [DEBUG] cheese - login => username:sssss,password:sssssssss
[2020-05-04T16:52:59.182] [DEBUG] cheese - sssss
[2020-05-04T16:52:59.185] [DEBUG] cheese - null
[2020-05-04T16:52:59.186] [DEBUG] cheese - null
[2020-05-04T16:53:29.576] [DEBUG] cheese - login => username:ssssss,password:ssssssssss
[2020-05-04T16:53:29.577] [DEBUG] cheese - ssssss
[2020-05-04T16:53:29.587] [DEBUG] cheese - null
[2020-05-04T16:53:29.588] [DEBUG] cheese - null
[2020-05-04T16:58:33.562] [DEBUG] cheese - login => username:aaaaa,password:sssssssss
[2020-05-04T16:58:33.562] [DEBUG] cheese - aaaaa
[2020-05-04T16:58:33.566] [DEBUG] cheese - null
[2020-05-04T16:58:33.566] [DEBUG] cheese - null
[2020-05-04T16:58:41.538] [DEBUG] cheese - login => username:admin,password:123456
[2020-05-04T16:58:41.538] [DEBUG] cheese - admin
[2020-05-04T16:58:41.543] [DEBUG] cheese - null
[2020-05-04T16:58:41.543] [DEBUG] cheese - null
[2020-05-04T17:06:30.909] [DEBUG] cheese - login => username:admin,password:123456
[2020-05-04T17:06:30.909] [DEBUG] cheese - admin
[2020-05-04T17:06:30.918] [DEBUG] cheese - null
[2020-05-04T17:06:30.919] [DEBUG] cheese - null
[2020-05-04T17:07:38.801] [DEBUG] cheese - login => username:admin,password:123456
[2020-05-04T17:07:38.802] [DEBUG] cheese - admin
[2020-05-04T17:07:38.806] [DEBUG] cheese - null
[2020-05-04T17:07:38.806] [DEBUG] cheese - null
[2020-05-04T17:23:08.162] [DEBUG] cheese - login => username:sssss,password:ssssssss
[2020-05-04T17:23:08.162] [DEBUG] cheese - sssss
[2020-05-04T17:23:08.168] [DEBUG] cheese - null
[2020-05-04T17:23:08.168] [DEBUG] cheese - null
[2020-05-04T17:26:21.787] [DEBUG] cheese - login => username:admin,password:123456
[2020-05-04T17:26:21.788] [DEBUG] cheese - admin
[2020-05-04T17:26:21.792] [DEBUG] cheese - null
[2020-05-04T17:26:21.792] [DEBUG] cheese - null
[2020-05-04T17:30:45.908] [DEBUG] cheese - login => username:admin,password:123456
[2020-05-04T17:30:45.908] [DEBUG] cheese - admin
[2020-05-04T17:30:45.939] [DEBUG] cheese - null
[2020-05-04T17:30:45.939] [DEBUG] cheese - null
[2020-05-04T17:31:28.835] [DEBUG] cheese - login => username:admin,password:123456
[2020-05-04T17:31:28.836] [DEBUG] cheese - admin
[2020-05-04T17:31:28.841] [DEBUG] cheese - null
[2020-05-04T17:31:28.841] [DEBUG] cheese - null
[2020-05-04T17:31:46.247] [DEBUG] cheese - login => username:admin,password:123456
[2020-05-04T17:31:46.247] [DEBUG] cheese - admin
[2020-05-04T17:31:46.252] [DEBUG] cheese - null
[2020-05-04T17:31:46.253] [DEBUG] cheese - null
[2020-05-04T17:32:12.794] [DEBUG] cheese - login => username:admin,password:123456
[2020-05-04T17:32:12.794] [DEBUG] cheese - admin
[2020-05-04T17:32:12.797] [DEBUG] cheese - null
[2020-05-04T17:32:12.797] [DEBUG] cheese - null
[2020-05-04T17:32:50.256] [DEBUG] cheese - login => username:admin,password:123456
[2020-05-04T17:32:50.256] [DEBUG] cheese - admin
[2020-05-04T17:32:50.262] [DEBUG] cheese - null
[2020-05-04T17:32:50.262] [DEBUG] cheese - null
[2020-05-04T17:33:20.155] [DEBUG] cheese - login => username:admin,password:123456
[2020-05-04T17:33:20.155] [DEBUG] cheese - admin
[2020-05-04T17:33:20.159] [DEBUG] cheese - null
[2020-05-04T17:33:20.159] [DEBUG] cheese - null
[2020-05-04T17:33:21.022] [DEBUG] cheese - login => username:admin,password:123456
[2020-05-04T17:33:21.022] [DEBUG] cheese - admin
[2020-05-04T17:33:21.025] [DEBUG] cheese - null
[2020-05-04T17:33:21.026] [DEBUG] cheese - null
[2020-05-04T17:33:21.247] [DEBUG] cheese - login => username:admin,password:123456
[2020-05-04T17:33:21.248] [DEBUG] cheese - admin
[2020-05-04T17:33:21.255] [DEBUG] cheese - null
[2020-05-04T17:33:21.256] [DEBUG] cheese - null
[2020-05-04T17:33:21.523] [DEBUG] cheese - login => username:admin,password:123456
[2020-05-04T17:33:21.523] [DEBUG] cheese - admin
[2020-05-04T17:33:21.530] [DEBUG] cheese - login => username:admin,password:123456
[2020-05-04T17:33:21.531] [DEBUG] cheese - admin
[2020-05-04T17:33:21.544] [DEBUG] cheese - null
[2020-05-04T17:33:21.544] [DEBUG] cheese - null
[2020-05-04T17:33:21.796] [DEBUG] cheese - null
[2020-05-04T17:33:21.796] [DEBUG] cheese - null
[2020-05-04T17:33:29.609] [DEBUG] cheese - login => username:admin,password:123456
[2020-05-04T17:33:29.609] [DEBUG] cheese - admin
[2020-05-04T17:33:29.612] [DEBUG] cheese - null
[2020-05-04T17:33:29.612] [DEBUG] cheese - null
[2020-05-04T17:34:41.825] [DEBUG] cheese - login => username:admin,password:123456
[2020-05-04T17:34:41.825] [DEBUG] cheese - admin
[2020-05-04T17:34:41.830] [DEBUG] cheese - null
[2020-05-04T17:34:41.830] [DEBUG] cheese - null
[2020-05-04T17:37:45.524] [DEBUG] cheese - login => username:admin,password:123456
[2020-05-04T17:37:45.524] [DEBUG] cheese - admin
[2020-05-04T17:37:45.528] [DEBUG] cheese - null
[2020-05-04T17:37:45.529] [DEBUG] cheese - null
[2020-05-04T17:38:33.215] [DEBUG] cheese - login => username:admin,password:123456
[2020-05-04T17:38:33.216] [DEBUG] cheese - admin
[2020-05-04T17:38:33.219] [DEBUG] cheese - null
[2020-05-04T17:38:33.221] [DEBUG] cheese - null
[2020-05-04T17:39:04.568] [DEBUG] cheese - login => username:admin,password:123456
[2020-05-04T17:39:04.568] [DEBUG] cheese - admin
[2020-05-04T17:39:04.573] [DEBUG] cheese - null
[2020-05-04T17:39:04.573] [DEBUG] cheese - null
[2020-05-04T17:41:16.133] [DEBUG] cheese - login => username:admin,password:123456
[2020-05-04T17:41:16.137] [DEBUG] cheese - admin
[2020-05-04T17:41:16.159] [DEBUG] cheese - null
[2020-05-04T17:41:16.160] [DEBUG] cheese - null
[2020-05-04T17:42:46.895] [DEBUG] cheese - login => username:admin,password:123456
[2020-05-04T17:42:46.895] [DEBUG] cheese - admin
[2020-05-04T17:42:46.901] [DEBUG] cheese - null
[2020-05-04T17:42:46.902] [DEBUG] cheese - null
[2020-05-04T17:46:39.418] [DEBUG] cheese - login => username:admin,password:123456
[2020-05-04T17:46:39.419] [DEBUG] cheese - admin
[2020-05-04T17:46:39.424] [DEBUG] cheese - null
[2020-05-04T17:46:39.424] [DEBUG] cheese - null
[2020-05-04T18:45:11.816] [DEBUG] cheese - login => username:admin,password:123456
[2020-05-04T18:45:11.818] [DEBUG] cheese - admin
[2020-05-04T18:45:11.838] [DEBUG] cheese - null
[2020-05-04T18:45:11.838] [DEBUG] cheese - null
[2020-05-04T18:45:36.814] [DEBUG] cheese - login => username:admin,password:123456
[2020-05-04T18:45:36.814] [DEBUG] cheese - admin
[2020-05-04T18:45:36.820] [DEBUG] cheese - null
[2020-05-04T18:45:36.820] [DEBUG] cheese - null
[2020-05-04T18:46:09.065] [DEBUG] cheese - login => username:admin,password:123456
[2020-05-04T18:46:09.065] [DEBUG] cheese - admin
[2020-05-04T18:46:09.073] [DEBUG] cheese - null
[2020-05-04T18:46:09.073] [DEBUG] cheese - null
[2020-05-04T22:18:18.338] [DEBUG] cheese - login => username:admin,password:123456
[2020-05-04T22:18:18.339] [DEBUG] cheese - admin
[2020-05-04T22:18:18.353] [DEBUG] cheese - null
[2020-05-04T22:18:18.354] [DEBUG] cheese - null
[2020-05-04T22:20:58.397] [DEBUG] cheese - login => username:admin,password:123456
[2020-05-04T22:20:58.397] [DEBUG] cheese - admin
[2020-05-04T22:20:58.404] [DEBUG] cheese - null
[2020-05-04T22:20:58.405] [DEBUG] cheese - null
[2020-05-05T14:46:44.846] [DEBUG] cheese - login => username:admin,password:123456
[2020-05-05T14:46:44.849] [DEBUG] cheese - admin
[2020-05-05T14:46:44.896] [DEBUG] cheese - null
[2020-05-05T14:46:44.897] [DEBUG] cheese - null
[2020-05-05T16:01:12.410] [DEBUG] cheese - login => username:admin,password:123456
[2020-05-05T16:01:12.411] [DEBUG] cheese - admin
[2020-05-05T16:01:12.433] [DEBUG] cheese - null
[2020-05-05T16:01:12.433] [DEBUG] cheese - null
[2020-05-05T16:11:31.046] [DEBUG] cheese - login => username:admin,password:123456
[2020-05-05T16:11:31.047] [DEBUG] cheese - admin
[2020-05-05T16:11:31.063] [DEBUG] cheese - null
[2020-05-05T16:11:31.064] [DEBUG] cheese - null
[2020-05-05T16:44:42.419] [DEBUG] cheese - login => username:admin,password:123456
[2020-05-05T16:44:42.421] [DEBUG] cheese - admin
[2020-05-05T16:44:42.460] [DEBUG] cheese - null
[2020-05-05T16:44:42.461] [DEBUG] cheese - null
[2020-05-05T16:49:15.937] [DEBUG] cheese - login => username:admin,password:123456
[2020-05-05T16:49:15.937] [DEBUG] cheese - admin
[2020-05-05T16:49:15.975] [DEBUG] cheese - null
[2020-05-05T16:49:15.976] [DEBUG] cheese - null
[2020-05-05T17:09:52.157] [DEBUG] cheese - login => username:admin,password:123456
[2020-05-05T17:09:52.157] [DEBUG] cheese - admin
[2020-05-05T17:09:52.181] [DEBUG] cheese - null
[2020-05-05T17:09:52.181] [DEBUG] cheese - null
[2020-05-05T17:15:46.579] [DEBUG] cheese - login => username:admin,password:123456
[2020-05-05T17:15:46.579] [DEBUG] cheese - admin
[2020-05-05T17:15:46.596] [DEBUG] cheese - null
[2020-05-05T17:15:46.597] [DEBUG] cheese - null
[2020-05-06T13:38:28.085] [DEBUG] cheese - login => username:admin,password:123456
[2020-05-06T13:38:28.088] [DEBUG] cheese - admin
[2020-05-06T13:38:28.110] [DEBUG] cheese - null
[2020-05-06T13:38:28.111] [DEBUG] cheese - null
[2020-05-06T13:54:46.856] [DEBUG] cheese - login => username:admin,password:123456
[2020-05-06T13:54:46.856] [DEBUG] cheese - admin
[2020-05-06T13:54:46.866] [DEBUG] cheese - null
[2020-05-06T13:54:46.866] [DEBUG] cheese - null
[2020-05-06T14:11:43.840] [DEBUG] cheese - login => username:admin,password:123456
[2020-05-06T14:11:43.841] [DEBUG] cheese - admin
[2020-05-06T14:11:43.849] [DEBUG] cheese - null
[2020-05-06T14:11:43.849] [DEBUG] cheese - null
[2020-05-06T14:18:28.535] [DEBUG] cheese - login => username:admin,password:123456
[2020-05-06T14:18:28.536] [DEBUG] cheese - admin
[2020-05-06T14:18:28.542] [DEBUG] cheese - null
[2020-05-06T14:18:28.542] [DEBUG] cheese - null
[2020-05-06T14:29:19.058] [DEBUG] cheese - login => username:admin,password:123456
[2020-05-06T14:29:19.059] [DEBUG] cheese - admin
[2020-05-06T14:29:19.065] [DEBUG] cheese - null
[2020-05-06T14:29:19.066] [DEBUG] cheese - null
[2020-05-06T14:33:45.826] [DEBUG] cheese - login => username:admin,password:123456
[2020-05-06T14:33:45.827] [DEBUG] cheese - admin
[2020-05-06T14:33:45.833] [DEBUG] cheese - null
[2020-05-06T14:33:45.834] [DEBUG] cheese - null
[2020-05-08T09:30:42.946] [DEBUG] cheese - login => username:admin,password:123456
[2020-05-08T09:30:42.949] [DEBUG] cheese - admin
[2020-05-08T09:30:43.069] [DEBUG] cheese - null
[2020-05-08T09:30:43.070] [DEBUG] cheese - null
[2020-05-08T13:32:54.591] [DEBUG] cheese - login => username:admin,password:123456
[2020-05-08T13:32:54.592] [DEBUG] cheese - admin
[2020-05-08T13:32:54.601] [DEBUG] cheese - null
[2020-05-08T13:32:54.601] [DEBUG] cheese - null
[2020-05-08T13:42:15.554] [DEBUG] cheese - login => username:admin,password:123456
[2020-05-08T13:42:15.554] [DEBUG] cheese - admin
[2020-05-08T13:42:15.563] [DEBUG] cheese - null
[2020-05-08T13:42:15.564] [DEBUG] cheese - null
[2020-05-08T13:52:05.428] [DEBUG] cheese - login => username:admin,password:123456
[2020-05-08T13:52:05.429] [DEBUG] cheese - admin
[2020-05-08T13:52:05.436] [DEBUG] cheese - null
[2020-05-08T13:52:05.437] [DEBUG] cheese - null
[2020-05-08T15:07:37.537] [DEBUG] cheese - login => username:admin,password:123456
[2020-05-08T15:07:37.540] [DEBUG] cheese - admin
[2020-05-08T15:07:37.547] [DEBUG] cheese - null
[2020-05-08T15:07:37.548] [DEBUG] cheese - null
[2020-05-08T15:47:47.336] [DEBUG] cheese - login => username:admin,password:123456
[2020-05-08T15:47:47.337] [DEBUG] cheese - admin
[2020-05-08T15:47:47.341] [DEBUG] cheese - null
[2020-05-08T15:47:47.341] [DEBUG] cheese - null
[2020-05-09T20:01:21.578] [DEBUG] cheese - login => username:admin,password:123456
[2020-05-09T20:01:21.599] [DEBUG] cheese - admin
[2020-05-09T20:01:21.688] [DEBUG] cheese - null
[2020-05-09T20:01:21.690] [DEBUG] cheese - null
[2020-05-13T10:58:20.196] [DEBUG] cheese - login => username:admin,password:123456
[2020-05-13T10:58:20.199] [DEBUG] cheese - admin
[2020-05-13T10:58:20.219] [DEBUG] cheese - login => username:admin,password:123456
[2020-05-13T10:58:20.219] [DEBUG] cheese - admin
[2020-05-13T10:58:20.226] [DEBUG] cheese - login => username:admin,password:123456
[2020-05-13T10:58:20.226] [DEBUG] cheese - admin
[2020-05-13T10:58:20.284] [DEBUG] cheese - null
[2020-05-13T10:58:20.285] [DEBUG] cheese - null
[2020-05-13T10:58:20.576] [DEBUG] cheese - null
[2020-05-13T10:58:20.577] [DEBUG] cheese - null
[2020-05-13T10:58:20.809] [DEBUG] cheese - null
[2020-05-13T10:58:20.810] [DEBUG] cheese - null
[2020-05-13T11:23:00.867] [DEBUG] cheese - login => username:admin,password:123456
[2020-05-13T11:23:00.872] [DEBUG] cheese - admin
[2020-05-13T11:23:00.896] [DEBUG] cheese - null
[2020-05-13T11:23:00.898] [DEBUG] cheese - null
[2020-05-13T11:26:17.986] [DEBUG] cheese - login => username:admin,password:123456
[2020-05-13T11:26:17.990] [DEBUG] cheese - admin
[2020-05-13T11:26:18.002] [DEBUG] cheese - null
[2020-05-13T11:26:18.003] [DEBUG] cheese - null
[2020-05-13T11:43:58.636] [DEBUG] cheese - login => username:admin,password:123456
[2020-05-13T11:43:58.640] [DEBUG] cheese - admin
[2020-05-13T11:43:58.681] [DEBUG] cheese - null
[2020-05-13T11:43:58.683] [DEBUG] cheese - null
[2020-05-13T12:06:48.594] [DEBUG] cheese - login => username:admin,password:123456
[2020-05-13T12:06:48.598] [DEBUG] cheese - admin
[2020-05-13T12:06:48.643] [DEBUG] cheese - null
[2020-05-13T12:06:48.644] [DEBUG] cheese - null
[2020-05-13T14:33:03.746] [DEBUG] cheese - login => username:admin,password:123456
[2020-05-13T14:33:03.750] [DEBUG] cheese - admin
[2020-05-13T14:33:03.808] [DEBUG] cheese - null
[2020-05-13T14:33:03.809] [DEBUG] cheese - null
[2020-05-13T15:20:27.623] [DEBUG] cheese - login => username:admin,password:123456
[2020-05-13T15:20:27.629] [DEBUG] cheese - admin
[2020-05-13T15:20:27.638] [DEBUG] cheese - null
[2020-05-13T15:20:27.639] [DEBUG] cheese - null
[2020-05-13T16:00:23.962] [DEBUG] cheese - login => username:admin,password:123456
[2020-05-13T16:00:23.968] [DEBUG] cheese - admin
[2020-05-13T16:00:23.986] [DEBUG] cheese - null
[2020-05-13T16:00:23.987] [DEBUG] cheese - null
[2020-05-13T16:03:11.414] [DEBUG] cheese - login => username:admin,password:123456
[2020-05-13T16:03:11.414] [DEBUG] cheese - admin
[2020-05-13T16:03:11.421] [DEBUG] cheese - null
[2020-05-13T16:03:11.422] [DEBUG] cheese - null
[2020-05-13T16:13:34.827] [DEBUG] cheese - login => username:admin,password:123456
[2020-05-13T16:13:34.831] [DEBUG] cheese - admin
[2020-05-13T16:13:34.847] [DEBUG] cheese - null
[2020-05-13T16:13:34.848] [DEBUG] cheese - null
[2020-05-13T17:28:20.061] [DEBUG] cheese - login => username:admin,password:123456
[2020-05-13T17:28:20.066] [DEBUG] cheese - admin
[2020-05-13T17:28:20.079] [DEBUG] cheese - null
[2020-05-13T17:28:20.080] [DEBUG] cheese - null
[2020-05-18T10:42:23.806] [DEBUG] cheese - login => username:admin,password:123456
[2020-05-18T10:42:23.809] [DEBUG] cheese - admin
[2020-05-18T10:42:23.887] [DEBUG] cheese - null
[2020-05-18T10:42:23.887] [DEBUG] cheese - null
[2020-05-18T10:56:32.425] [DEBUG] cheese - login => username:admin,password:123456
[2020-05-18T10:56:32.428] [DEBUG] cheese - admin
[2020-05-18T10:56:32.441] [DEBUG] cheese - null
[2020-05-18T10:56:32.442] [DEBUG] cheese - null
[2020-05-18T11:13:37.587] [DEBUG] cheese - login => username:admin,password:123456
[2020-05-18T11:13:37.592] [DEBUG] cheese - admin
[2020-05-18T11:13:37.608] [DEBUG] cheese - null
[2020-05-18T11:13:37.609] [DEBUG] cheese - null
[2020-05-18T11:24:12.565] [DEBUG] cheese - login => username:admin,password:123456
[2020-05-18T11:24:12.569] [DEBUG] cheese - admin
[2020-05-18T11:24:12.577] [DEBUG] cheese - null
[2020-05-18T11:24:12.579] [DEBUG] cheese - null
[2020-05-18T11:27:23.914] [DEBUG] cheese - login => username:admin,password:123456
[2020-05-18T11:27:23.918] [DEBUG] cheese - admin
[2020-05-18T11:27:23.958] [DEBUG] cheese - null
[2020-05-18T11:27:23.959] [DEBUG] cheese - null
[2020-05-18T11:42:13.814] [DEBUG] cheese - login => username:admin,password:123456
[2020-05-18T11:42:13.814] [DEBUG] cheese - admin
[2020-05-18T11:42:13.831] [DEBUG] cheese - null
[2020-05-18T11:42:13.832] [DEBUG] cheese - null
